INFO: 2023-07-12 15:31:35,606: main() 'Using profile folder /home/derrik/.config/variety/'
INFO: 2023-07-12 15:31:35,610: perform_upgrade() 'Last run version was 0.4.12 or earlier, current version is 0.8.10'
ERROR: 2023-07-12 15:31:35,610: perform_upgrade() 'Error during version upgrade. Continuing.'
Traceback (most recent call last):
  File "/usr/lib/python3.11/site-packages/variety/VarietyWindow.py", line 2283, in perform_upgrade
    if Util.compare_versions(last_version, "0.4.13") < 0:
       ^^^^^^^^^^^^^^^^^^^^^^^^^^^^^^^^^^^^^^^^^^^^^
  File "/usr/lib/python3.11/site-packages/variety/Util.py", line 768, in compare_versions
    from pkg_resources import parse_version
ModuleNotFoundError: No module named 'pkg_resources'
INFO: 2023-07-12 15:31:35,611: process_command() 'Received command: ['--profile', '/home/derrik/.config/variety/']'
INFO: 2023-07-12 15:31:35,612: start() 'Using data_path /usr/share/variety'
INFO: 2023-07-12 15:31:35,613: load() 'Jumble loading'
INFO: 2023-07-12 15:31:35,613: _walk_modules() 'Jumble loading module in __init__ from /usr/lib/python3.11/site-packages/variety/plugins/builtin/__init__.py'
INFO: 2023-07-12 15:31:35,614: _walk_modules() 'Jumble loading module in MediaRSSSource from /usr/lib/python3.11/site-packages/variety/plugins/builtin/downloaders/MediaRSSSource.py'
INFO: 2023-07-12 15:31:35,615: load() 'Jumble found plugin class: <class 'MediaRSSSource.MediaRSSSource'>: {'name': 'MediaRSSSource', 'description': 'Configurable source for fetching images from MediaRSS feeds', 'author': 'Peter Levi', 'version': '0.1'}'
INFO: 2023-07-12 15:31:35,616: _walk_modules() 'Jumble loading module in EarthviewDownloader from /usr/lib/python3.11/site-packages/variety/plugins/builtin/downloaders/EarthviewDownloader.py'
INFO: 2023-07-12 15:31:35,616: load() 'Jumble found plugin class: <class 'EarthviewDownloader.EarthviewDownloader'>: {'name': 'EarthviewDownloader', 'description': 'Google Earth View Wallpapers', 'author': 'Peter Levi', 'version': '0.1'}'
INFO: 2023-07-12 15:31:35,617: _walk_modules() 'Jumble loading module in WallhavenDownloader from /usr/lib/python3.11/site-packages/variety/plugins/builtin/downloaders/WallhavenDownloader.py'
INFO: 2023-07-12 15:31:35,618: _walk_modules() 'Jumble loading module in APODDownloader from /usr/lib/python3.11/site-packages/variety/plugins/builtin/downloaders/APODDownloader.py'
INFO: 2023-07-12 15:31:35,618: load() 'Jumble found plugin class: <class 'APODDownloader.APODDownloader'>: {'name': 'APODDownloader', 'description': 'NASA Astro Pic of the Day', 'author': 'Peter Levi', 'version': '0.1'}'
INFO: 2023-07-12 15:31:35,618: _walk_modules() 'Jumble loading module in __init__ from /usr/lib/python3.11/site-packages/variety/plugins/builtin/downloaders/__init__.py'
INFO: 2023-07-12 15:31:35,619: _walk_modules() 'Jumble loading module in WallhavenLegacyDownloader from /usr/lib/python3.11/site-packages/variety/plugins/builtin/downloaders/WallhavenLegacyDownloader.py'
INFO: 2023-07-12 15:31:35,619: _walk_modules() 'Jumble loading module in RedditSource from /usr/lib/python3.11/site-packages/variety/plugins/builtin/downloaders/RedditSource.py'
INFO: 2023-07-12 15:31:35,620: load() 'Jumble found plugin class: <class 'RedditSource.RedditSource'>: {'name': 'RedditSource', 'description': 'Configurable source for fetching images from Reddit', 'author': 'Peter Levi', 'version': '0.1'}'
INFO: 2023-07-12 15:31:35,620: _walk_modules() 'Jumble loading module in WallhavenSource from /usr/lib/python3.11/site-packages/variety/plugins/builtin/downloaders/WallhavenSource.py'
INFO: 2023-07-12 15:31:35,621: load() 'Jumble found plugin class: <class 'WallhavenSource.WallhavenSource'>: {'name': 'WallhavenSource', 'description': 'Configurable source for fetching images from Wallhaven.cc', 'author': 'Peter Levi', 'version': '0.1'}'
INFO: 2023-07-12 15:31:35,621: _walk_modules() 'Jumble loading module in UnsplashDownloader from /usr/lib/python3.11/site-packages/variety/plugins/builtin/downloaders/UnsplashDownloader.py'
INFO: 2023-07-12 15:31:35,622: load() 'Jumble found plugin class: <class 'UnsplashDownloader.UnsplashDownloader'>: {'name': 'UnsplashDownloader', 'description': 'High-resolution photos from Unsplash.com', 'author': 'Peter Levi', 'version': '0.1'}'
INFO: 2023-07-12 15:31:35,622: _walk_modules() 'Jumble loading module in BingDownloader from /usr/lib/python3.11/site-packages/variety/plugins/builtin/downloaders/BingDownloader.py'
INFO: 2023-07-12 15:31:35,623: load() 'Jumble found plugin class: <class 'BingDownloader.BingDownloader'>: {'name': 'BingDownloader', 'description': 'Bing Photo of the Day', 'author': 'Peter Levi', 'version': '0.1'}'
INFO: 2023-07-12 15:31:35,623: _walk_modules() 'Jumble loading module in ArtStationSource from /usr/lib/python3.11/site-packages/variety/plugins/builtin/downloaders/ArtStationSource.py'
INFO: 2023-07-12 15:31:35,624: load() 'Jumble found plugin class: <class 'ArtStationSource.ArtStationSource'>: {'name': 'ArtStationSource', 'description': 'Configurable source for fetching images from ArtStation', 'author': 'Denis Gordeev', 'version': '0.1'}'
INFO: 2023-07-12 15:31:35,624: _walk_modules() 'Jumble loading module in ArtStationDownloader from /usr/lib/python3.11/site-packages/variety/plugins/builtin/downloaders/ArtStationDownloader.py'
INFO: 2023-07-12 15:31:35,624: _walk_modules() 'Jumble loading module in NationalGeographicDownloader from /usr/lib/python3.11/site-packages/variety/plugins/builtin/downloaders/NationalGeographicDownloader.py'
INFO: 2023-07-12 15:31:35,625: load() 'Jumble found plugin class: <class 'NationalGeographicDownloader.NationalGeographicDownloader'>: {'name': 'NationalGeographicDownloader', 'description': "National Geographic's photo of the day", 'author': 'Eric Rösch', 'version': '0.1'}'
INFO: 2023-07-12 15:31:35,625: _walk_modules() 'Jumble loading module in RedditDownloader from /usr/lib/python3.11/site-packages/variety/plugins/builtin/downloaders/RedditDownloader.py'
INFO: 2023-07-12 15:31:35,625: _walk_modules() 'Jumble loading module in MediaRSSDownloader from /usr/lib/python3.11/site-packages/variety/plugins/builtin/downloaders/MediaRSSDownloader.py'
INFO: 2023-07-12 15:31:35,626: _walk_modules() 'Jumble loading module in UnsplashConfigurableSource from /usr/lib/python3.11/site-packages/variety/plugins/builtin/downloaders/UnsplashConfigurableSource.py'
INFO: 2023-07-12 15:31:35,626: load() 'Jumble found plugin class: <class 'UnsplashConfigurableSource.UnsplashConfigurableSource'>: {'name': 'UnsplashConfigurableSource', 'description': 'Configurable source for fetching photos from Unsplash.com', 'author': 'Peter Levi', 'version': '0.1'}'
INFO: 2023-07-12 15:31:35,627: _walk_modules() 'Jumble loading module in __init__ from /usr/lib/python3.11/site-packages/variety/plugins/builtin/quotes/__init__.py'
INFO: 2023-07-12 15:31:35,628: _walk_modules() 'Jumble loading module in LocalFilesSource from /usr/lib/python3.11/site-packages/variety/plugins/builtin/quotes/LocalFilesSource.py'
INFO: 2023-07-12 15:31:35,628: load() 'Jumble found plugin class: <class 'LocalFilesSource.LocalFilesSource'>: {'name': 'Local text files', 'description': 'Displays quotes, defined in local text files.\nPut your own txt files in: /home/derrik/.config/variety/pluginconfig/quotes/.\nThe file format is:\n\nquote -- author\n.\nsecond quote -- another author\n.\netc...\n\nExample: http://rvelthuis.de/zips/quotes.txt', 'author': 'Peter Levi', 'version': '0.1'}'
INFO: 2023-07-12 15:31:35,628: _walk_modules() 'Jumble loading module in GoodreadsSource from /usr/lib/python3.11/site-packages/variety/plugins/builtin/quotes/GoodreadsSource.py'
INFO: 2023-07-12 15:31:35,657: load() 'Jumble found plugin class: <class 'GoodreadsSource.GoodreadsSource'>: {'name': 'Goodreads', 'description': 'Fetches quotes from Goodreads.com', 'author': 'Peter Levi', 'version': '0.1'}'
INFO: 2023-07-12 15:31:35,657: _walk_modules() 'Jumble loading module in QuotationsPageSource from /usr/lib/python3.11/site-packages/variety/plugins/builtin/quotes/QuotationsPageSource.py'
INFO: 2023-07-12 15:31:35,657: load() 'Jumble found plugin class: <class 'QuotationsPageSource.QuotationsPageSource'>: {'name': 'TheQuotationsPage.com', 'description': 'Fetches quotes from TheQuotationsPage.com', 'author': 'Peter Levi', 'version': '0.1'}'
INFO: 2023-07-12 15:31:35,658: _walk_modules() 'Jumble loading module in FortuneSource from /usr/lib/python3.11/site-packages/variety/plugins/builtin/quotes/FortuneSource.py'
INFO: 2023-07-12 15:31:35,658: load() 'Jumble found plugin class: <class 'FortuneSource.FortuneSource'>: {'name': 'UNIX fortune program', 'description': 'Displays quotes using the UNIX fortune program. You may want to install additional fortune packs, e.g. fortunes-bofh-excuses.', 'author': 'Dan Jones', 'version': '0.1'}'
INFO: 2023-07-12 15:31:35,659: _walk_modules() 'Jumble loading module in UrbanDictionarySource from /usr/lib/python3.11/site-packages/variety/plugins/builtin/quotes/UrbanDictionarySource.py'
INFO: 2023-07-12 15:31:35,659: load() 'Jumble found plugin class: <class 'UrbanDictionarySource.UrbanDictionarySource'>: {'name': 'Urban Dictionary', 'description': 'Displays definitions from Urban Dictionary', 'author': 'James Miller', 'version': '0.1'}'
INFO: 2023-07-12 15:31:35,659: _walk_modules() 'Jumble loading module in __init__ from /usr/lib/python3.11/site-packages/variety/plugins/builtin/display_modes/__init__.py'
INFO: 2023-07-12 15:31:35,660: _walk_modules() 'Jumble loading module in LegacyDisplayModesPlugin from /usr/lib/python3.11/site-packages/variety/plugins/builtin/display_modes/LegacyDisplayModesPlugin.py'
INFO: 2023-07-12 15:31:35,660: load() 'Jumble found plugin class: <class 'LegacyDisplayModesPlugin.LegacyDisplayModesPlugin'>: {'name': 'LegacyDisplayModesPlugin', 'description': 'Legacy display mode for compatibility with past Variety versions', 'version': '1.0', 'author': 'Peter Levi'}'
INFO: 2023-07-12 15:31:35,661: _walk_modules() 'Jumble loading module in GnomeDisplayModesPlugin from /usr/lib/python3.11/site-packages/variety/plugins/builtin/display_modes/GnomeDisplayModesPlugin.py'
INFO: 2023-07-12 15:31:35,661: load() 'Jumble found plugin class: <class 'GnomeDisplayModesPlugin.GnomeDisplayModesPlugin'>: {'name': 'GnomeDisplayModesPlugin', 'description': 'Display modes relying on the underlying desktop environment', 'version': '1.0', 'author': 'Peter Levi'}'
INFO: 2023-07-12 15:31:35,661: _walk_modules() 'Jumble loading module in ResizingDisplayModesPlugin from /usr/lib/python3.11/site-packages/variety/plugins/builtin/display_modes/ResizingDisplayModesPlugin.py'
INFO: 2023-07-12 15:31:35,662: load() 'Jumble found plugin class: <class 'ResizingDisplayModesPlugin.ResizingDisplayModesPlugin'>: {'name': 'ResizingDisplayModesPlugin', 'description': 'Display modes that use image resizing within Variety', 'version': '1.0', 'author': 'Peter Levi'}'
INFO: 2023-07-12 15:31:35,677: reload_config() 'Creating new downloader for type wallhaven, location https://wallhaven.cc/search?q=abstract&categories=110&purity=100&sorting=views&order=desc&ai_art_filter=1&page=2'
INFO: 2023-07-12 15:31:35,678: log_options() 'Loaded options:'
INFO: 2023-07-12 15:31:35,678: log_options() 'change_enabled = True'
INFO: 2023-07-12 15:31:35,678: log_options() 'change_interval = 3600'
INFO: 2023-07-12 15:31:35,678: log_options() 'change_on_start = True'
INFO: 2023-07-12 15:31:35,678: log_options() 'clipboard_enabled = False'
INFO: 2023-07-12 15:31:35,678: log_options() 'clipboard_hosts = ['wallhaven.cc', 'wallpapers.net', 'flickr.com', 'imgur.com', 'deviantart.com', 'interfacelift.com', 'vladstudio.com', 'imageshack.us', 'deviantart.net', 'imageshack.com']'
INFO: 2023-07-12 15:31:35,678: log_options() 'clipboard_use_whitelist = True'
INFO: 2023-07-12 15:31:35,678: log_options() 'clock_date_font = Serif 30'
INFO: 2023-07-12 15:31:35,678: log_options() 'clock_enabled = False'
INFO: 2023-07-12 15:31:35,678: log_options() 'clock_filter = -density 100 -font `fc-match -f '%{file[0]}' '%CLOCK_FONT_NAME'` -pointsize %CLOCK_FONT_SIZE -gravity SouthEast -fill '#00000044' -annotate 0x0+[%HOFFSET+58]+[%VOFFSET+108] '%H:%M' -fill white -annotate 0x0+[%HOFFSET+60]+[%VOFFSET+110] '%H:%M' -font `fc-match -f '%{file[0]}' '%DATE_FONT_NAME'` -pointsize %DATE_FONT_SIZE -fill '#00000044' -annotate 0x0+[%HOFFSET+58]+[%VOFFSET+58] '%A, %B %d' -fill white -annotate 0x0+[%HOFFSET+60]+[%VOFFSET+60] '%A, %B %d''
INFO: 2023-07-12 15:31:35,678: log_options() 'clock_font = Serif 70'
INFO: 2023-07-12 15:31:35,678: log_options() 'configfile = /home/derrik/.config/variety/variety.conf'
INFO: 2023-07-12 15:31:35,678: log_options() 'copyto_enabled = False'
INFO: 2023-07-12 15:31:35,678: log_options() 'copyto_folder = Default'
INFO: 2023-07-12 15:31:35,678: log_options() 'desired_color = [160, 160, 160]'
INFO: 2023-07-12 15:31:35,678: log_options() 'desired_color_enabled = False'
INFO: 2023-07-12 15:31:35,678: log_options() 'download_folder = /home/derrik/.config/variety/Downloaded'
INFO: 2023-07-12 15:31:35,678: log_options() 'download_preference_ratio = 0.9'
INFO: 2023-07-12 15:31:35,678: log_options() 'favorites_folder = /home/derrik/.config/variety/Favorites'
INFO: 2023-07-12 15:31:35,678: log_options() 'favorites_operations = [['Downloaded', 'Copy'], ['Fetched', 'Move'], ['Others', 'Copy']]'
INFO: 2023-07-12 15:31:35,678: log_options() 'fetched_folder = /home/derrik/.config/variety/Fetched'
INFO: 2023-07-12 15:31:35,678: log_options() 'filters = [[False, 'Keep original', ''], [False, 'Grayscale', '-type Grayscale'], [False, 'Heavy blur', '-scale 20% -blur 0x10 -resize 500%'], [False, 'Soft blur', '-scale 20% -blur 0x2 -resize 500%'], [False, 'Oil painting', '-paint 8'], [False, 'Pointilism', '-spread 10 -noise 3'], [False, 'Pixellate', '-scale 3% -scale 3333%']]'
INFO: 2023-07-12 15:31:35,678: log_options() 'get_wallpaper_script = /home/derrik/.config/variety/scripts/get_wallpaper_arco'
INFO: 2023-07-12 15:31:35,679: log_options() 'icon = Light'
INFO: 2023-07-12 15:31:35,679: log_options() 'internet_enabled = True'
INFO: 2023-07-12 15:31:35,679: log_options() 'lightness_enabled = False'
INFO: 2023-07-12 15:31:35,679: log_options() 'lightness_mode = 0'
INFO: 2023-07-12 15:31:35,679: log_options() 'min_rating = 4'
INFO: 2023-07-12 15:31:35,679: log_options() 'min_rating_enabled = False'
INFO: 2023-07-12 15:31:35,679: log_options() 'min_size = 80'
INFO: 2023-07-12 15:31:35,679: log_options() 'min_size_enabled = True'
INFO: 2023-07-12 15:31:35,679: log_options() 'quota_enabled = True'
INFO: 2023-07-12 15:31:35,679: log_options() 'quota_size = 1000'
INFO: 2023-07-12 15:31:35,679: log_options() 'quotes_authors = '
INFO: 2023-07-12 15:31:35,679: log_options() 'quotes_bg_color = [80, 80, 80]'
INFO: 2023-07-12 15:31:35,679: log_options() 'quotes_bg_opacity = 55'
INFO: 2023-07-12 15:31:35,679: log_options() 'quotes_change_enabled = False'
INFO: 2023-07-12 15:31:35,679: log_options() 'quotes_change_interval = 300'
INFO: 2023-07-12 15:31:35,679: log_options() 'quotes_disabled_sources = ['Urban Dictionary']'
INFO: 2023-07-12 15:31:35,679: log_options() 'quotes_enabled = False'
INFO: 2023-07-12 15:31:35,679: log_options() 'quotes_favorites_file = /home/derrik/.config/variety/favorite_quotes.txt'
INFO: 2023-07-12 15:31:35,679: log_options() 'quotes_font = Serif 30'
INFO: 2023-07-12 15:31:35,679: log_options() 'quotes_hpos = 100'
INFO: 2023-07-12 15:31:35,679: log_options() 'quotes_max_length = 250'
INFO: 2023-07-12 15:31:35,679: log_options() 'quotes_tags = '
INFO: 2023-07-12 15:31:35,679: log_options() 'quotes_text_color = [255, 255, 255]'
INFO: 2023-07-12 15:31:35,679: log_options() 'quotes_text_shadow = False'
INFO: 2023-07-12 15:31:35,679: log_options() 'quotes_vpos = 40'
INFO: 2023-07-12 15:31:35,679: log_options() 'quotes_width = 70'
INFO: 2023-07-12 15:31:35,679: log_options() 'safe_mode = False'
INFO: 2023-07-12 15:31:35,679: log_options() 'set_wallpaper_script = /home/derrik/.config/variety/scripts/set_wallpaper_arco'
INFO: 2023-07-12 15:31:35,679: log_options() 'slideshow_custom_enabled = False'
INFO: 2023-07-12 15:31:35,679: log_options() 'slideshow_custom_folder = /home/derrik/Pictures'
INFO: 2023-07-12 15:31:35,679: log_options() 'slideshow_downloads_enabled = False'
INFO: 2023-07-12 15:31:35,679: log_options() 'slideshow_fade = 0.4'
INFO: 2023-07-12 15:31:35,679: log_options() 'slideshow_favorites_enabled = True'
INFO: 2023-07-12 15:31:35,679: log_options() 'slideshow_mode = Fullscreen'
INFO: 2023-07-12 15:31:35,679: log_options() 'slideshow_monitor = All'
INFO: 2023-07-12 15:31:35,679: log_options() 'slideshow_pan = 0.05'
INFO: 2023-07-12 15:31:35,679: log_options() 'slideshow_seconds = 6.0'
INFO: 2023-07-12 15:31:35,679: log_options() 'slideshow_sort_order = Random'
INFO: 2023-07-12 15:31:35,679: log_options() 'slideshow_sources_enabled = True'
INFO: 2023-07-12 15:31:35,679: log_options() 'slideshow_zoom = 0.2'
INFO: 2023-07-12 15:31:35,679: log_options() 'smart_enabled = False'
INFO: 2023-07-12 15:31:35,679: log_options() 'smart_notice_shown = False'
INFO: 2023-07-12 15:31:35,679: log_options() 'smart_register_shown = False'
INFO: 2023-07-12 15:31:35,679: log_options() 'sources = [[True, 'favorites', 'The Favorites folder'], [False, 'fetched', 'The Fetched folder'], [False, 'folder', '/usr/share/backgrounds'], [False, 'flickr', 'user:www.flickr.com/photos/peter-levi/;user_id:93647178@N00;'], [False, 'apod', "NASA's Astronomy Picture of the Day"], [False, 'bing', 'Bing Photo of the Day'], [False, 'earthview', 'Google Earth View Wallpapers'], [False, 'natgeo', "National Geographic's photo of the day"], [False, 'unsplash', 'High-resolution photos from Unsplash.com'], [True, 'wallhaven', 'https://wallhaven.cc/search?q=abstract&categories=110&purity=100&sorting=views&order=desc&ai_art_filter=1&page=2']]'
INFO: 2023-07-12 15:31:35,679: log_options() 'stats_enabled = True'
INFO: 2023-07-12 15:31:35,679: log_options() 'stats_notice_shown = False'
INFO: 2023-07-12 15:31:35,679: log_options() 'sync_enabled = True'
INFO: 2023-07-12 15:31:35,679: log_options() 'use_landscape_enabled = True'
INFO: 2023-07-12 15:31:35,679: log_options() 'wallhaven_api_key = '
INFO: 2023-07-12 15:31:35,679: log_options() 'wallpaper_auto_rotate = True'
INFO: 2023-07-12 15:31:35,679: log_options() 'wallpaper_display_mode = os'
INFO: 2023-07-12 15:31:35,679: reload_config() 'No need to clear prepared queue'
INFO: 2023-07-12 15:31:35,679: update_indicator() 'Setting file info to: /home/derrik/.config/variety/Downloaded/wallhaven_wallhaven_cc_search_q_abstract_categories_110_purity_100_sorting_views_order_desc_ai_art_filter_1_page_2/wallhaven-v48e14.jpg'
INFO: 2023-07-12 15:31:35,686: load_last_change_time() 'Change interval < 6 hours, ignore persisted last_change_time, wait initially the whole interval: 3600'
INFO: 2023-07-12 15:31:35,686: update_indicator() 'Setting file info to: /home/derrik/.config/variety/Downloaded/wallhaven_wallhaven_cc_search_q_abstract_categories_110_purity_100_sorting_views_order_desc_ai_art_filter_1_page_2/wallhaven-v48e14.jpg'
INFO: 2023-07-12 15:31:35,687: regular_change_thread() 'regular_change thread running'
INFO: 2023-07-12 15:31:35,688: prepare_thread() 'Prepare thread running'
INFO: 2023-07-12 15:31:35,688: prepare_thread() 'Prepared buffer contains 0 images'
INFO: 2023-07-12 15:31:35,688: prepare_thread() 'Preparing some images'
INFO: 2023-07-12 15:31:35,690: update_indicator_icon() 'Creating indicator'
WARNING: 2023-07-12 15:31:35,697: create_menu() 'Variety Slideshow is not installed. This is an optional extension adding pan-and-zoom slideshows to Variety: see https://github.com/peterlevi/variety-slideshow for details'
INFO: 2023-07-12 15:31:35,698: create_indicator() 'indicator backend: AppIndicator3'
INFO: 2023-07-12 15:31:35,707: set_from_theme_icon() 'Showing indicator icon variety-indicator from GTK theme'
INFO: 2023-07-12 15:31:35,731: prepare_thread() 'After search prepared buffer contains 21 images'
INFO: 2023-07-12 15:31:35,787: do_set_wp() 'Calling do_set_wp with /home/derrik/.config/variety/Downloaded/wallhaven_wallhaven_cc_search_q_abstract_categories_110_purity_100_sorting_views_order_desc_ai_art_filter_1_page_2/wallhaven-v48e14.jpg, time: 1689197495.787002'
INFO: 2023-07-12 15:31:35,788: apply_auto_rotate() 'ImageMagick auto-rotate cmd: convert /home/derrik/.config/variety/Downloaded/wallhaven_wallhaven_cc_search_q_abstract_categories_110_purity_100_sorting_views_order_desc_ai_art_filter_1_page_2/wallhaven-v48e14.jpg -auto-orient /home/derrik/.config/variety/wallpaper/wallpaper-auto-rotated-4d2433c653519e101054768203b6dd60.jpg'
INFO: 2023-07-12 15:31:35,951: update_indicator() 'Setting file info to: /home/derrik/.config/variety/Downloaded/wallhaven_wallhaven_cc_search_q_abstract_categories_110_purity_100_sorting_views_order_desc_ai_art_filter_1_page_2/wallhaven-v48e14.jpg'
INFO: 2023-07-12 15:31:35,953: list_files() 'More than 1 files in the folders, stop listing'
INFO: 2023-07-12 15:31:37,178: reload() 'Reloading preferences dialog'
INFO: 2023-07-12 15:31:37,731: trigger_download() 'Triggering download thread to check if download needed and possible'
INFO: 2023-07-12 15:31:40,688: set_wallpaper() 'Calling set_wallpaper with /home/derrik/.config/variety/Downloaded/wallhaven_wallhaven_cc_search_q_abstract_categories_110_purity_100_sorting_views_order_desc_ai_art_filter_1_page_2/wallhaven-8oqzok.jpg'
INFO: 2023-07-12 15:31:40,688: do_set_wp() 'Calling do_set_wp with /home/derrik/.config/variety/Downloaded/wallhaven_wallhaven_cc_search_q_abstract_categories_110_purity_100_sorting_views_order_desc_ai_art_filter_1_page_2/wallhaven-8oqzok.jpg, time: 1689197500.688661'
INFO: 2023-07-12 15:31:40,688: prepare_thread() 'Prepared buffer contains 20 images'
INFO: 2023-07-12 15:31:40,689: apply_auto_rotate() 'ImageMagick auto-rotate cmd: convert /home/derrik/.config/variety/Downloaded/wallhaven_wallhaven_cc_search_q_abstract_categories_110_purity_100_sorting_views_order_desc_ai_art_filter_1_page_2/wallhaven-8oqzok.jpg -auto-orient /home/derrik/.config/variety/wallpaper/wallpaper-auto-rotated-f6299c178be89da92a630aaf304eb6fd.jpg'
INFO: 2023-07-12 15:31:40,972: update_indicator() 'Setting file info to: /home/derrik/.config/variety/Downloaded/wallhaven_wallhaven_cc_search_q_abstract_categories_110_purity_100_sorting_views_order_desc_ai_art_filter_1_page_2/wallhaven-8oqzok.jpg'
INFO: 2023-07-12 15:31:40,973: list_files() 'More than 1 files in the folders, stop listing'
INFO: 2023-07-12 15:31:41,754: process_command() 'Received command: ['-f']'
INFO: 2023-07-12 15:31:41,759: move_or_copy_file() 'Copied /home/derrik/.config/variety/Downloaded/wallhaven_wallhaven_cc_search_q_abstract_categories_110_purity_100_sorting_views_order_desc_ai_art_filter_1_page_2/wallhaven-v48e14.jpg to /home/derrik/.config/variety/Favorites'
INFO: 2023-07-12 15:31:41,759: update_indicator() 'Setting file info to: /home/derrik/.config/variety/Downloaded/wallhaven_wallhaven_cc_search_q_abstract_categories_110_purity_100_sorting_views_order_desc_ai_art_filter_1_page_2/wallhaven-v48e14.jpg'
INFO: 2023-07-12 15:31:41,761: list_files() 'More than 1 files in the folders, stop listing'
INFO: 2023-07-12 15:31:42,267: trigger_download() 'Triggering download thread to check if download needed and possible'
INFO: 2023-07-12 15:31:55,267: server_options_thread() 'Fetching server options from http://tiny.cc/variety-options-063'
INFO: 2023-07-12 15:31:55,856: server_options_thread() 'Fetched server options: {'flickr': {'min_fill_queue_interval': 1200, 'min_download_interval': 1200}, 'wallbase': {'min_fill_queue_interval': 1800, 'min_download_interval': 1800}, 'wallhaven': {'min_fill_queue_interval': 1800, 'min_download_interval': 1800}, 'wallpapers.net': {'min_fill_queue_interval': 601, 'min_download_interval': 0}, 'unsplash': {'min_fill_queue_interval': 20000000000, 'min_download_interval': 20000000000}, 'unsplash_v2': {'min_fill_queue_interval': 3600, 'min_download_interval': 1800}, 'status_message': {'0.0.1': '', '*': ''}}'
